127.0.0.1 - - [04/Feb/2020:10:25:21 +0700] "GET / HTTP/1.1" 200 7352 "-" "Mozilla/5.0 (Windows NT 10.0; Win64; x64) AppleWebKit/537.36 (KHTML, like Gecko) Chrome/79.0.3945.130 Safari/537.36"
127.0.0.1 - - [04/Feb/2020:10:25:21 +0700] "GET /css/style.css HTTP/1.1" 200 408 "http://z500.local/" "Mozilla/5.0 (Windows NT 10.0; Win64; x64) AppleWebKit/537.36 (KHTML, like Gecko) Chrome/79.0.3945.130 Safari/537.36"
127.0.0.1 - - [04/Feb/2020:10:25:21 +0700] "GET /img/logo.png HTTP/1.1" 200 2363 "http://z500.local/" "Mozilla/5.0 (Windows NT 10.0; Win64; x64) AppleWebKit/537.36 (KHTML, like Gecko) Chrome/79.0.3945.130 Safari/537.36"
127.0.0.1 - - [04/Feb/2020:10:25:21 +0700] "GET /pictures/2.jpg HTTP/1.1" 200 99910 "http://z500.local/" "Mozilla/5.0 (Windows NT 10.0; Win64; x64) AppleWebKit/537.36 (KHTML, like Gecko) Chrome/79.0.3945.130 Safari/537.36"
127.0.0.1 - - [04/Feb/2020:10:25:21 +0700] "GET /pictures/1.jpg HTTP/1.1" 200 224240 "http://z500.local/" "Mozilla/5.0 (Windows NT 10.0; Win64; x64) AppleWebKit/537.36 (KHTML, like Gecko) Chrome/79.0.3945.130 Safari/537.36"
127.0.0.1 - - [04/Feb/2020:10:25:21 +0700] "GET /pictures/3.jpg HTTP/1.1" 200 290433 "http://z500.local/" "Mozilla/5.0 (Windows NT 10.0; Win64; x64) AppleWebKit/537.36 (KHTML, like Gecko) Chrome/79.0.3945.130 Safari/537.36"
127.0.0.1 - - [04/Feb/2020:10:25:21 +0700] "GET /pictures/4.jpg HTTP/1.1" 200 382013 "http://z500.local/" "Mozilla/5.0 (Windows NT 10.0; Win64; x64) AppleWebKit/537.36 (KHTML, like Gecko) Chrome/79.0.3945.130 Safari/537.36"
127.0.0.1 - - [04/Feb/2020:10:25:21 +0700] "GET /pictures/5.jpg HTTP/1.1" 200 395088 "http://z500.local/" "Mozilla/5.0 (Windows NT 10.0; Win64; x64) AppleWebKit/537.36 (KHTML, like Gecko) Chrome/79.0.3945.130 Safari/537.36"
127.0.0.1 - - [04/Feb/2020:10:25:22 +0700] "GET /favicon.ico HTTP/1.1" 404 1182 "http://z500.local/" "Mozilla/5.0 (Windows NT 10.0; Win64; x64) AppleWebKit/537.36 (KHTML, like Gecko) Chrome/79.0.3945.130 Safari/537.36"
127.0.0.1 - - [04/Feb/2020:10:25:42 +0700] "GET / HTTP/1.1" 304 - "-" "Mozilla/5.0 (Windows NT 10.0; Win64; x64) AppleWebKit/537.36 (KHTML, like Gecko) Chrome/79.0.3945.130 Safari/537.36"
127.0.0.1 - - [04/Feb/2020:10:25:45 +0700] "GET /admin.html HTTP/1.1" 200 4937 "http://z500.local/" "Mozilla/5.0 (Windows NT 10.0; Win64; x64) AppleWebKit/537.36 (KHTML, like Gecko) Chrome/79.0.3945.130 Safari/537.36"
127.0.0.1 - - [04/Feb/2020:10:25:46 +0700] "GET /index.html HTTP/1.1" 200 7352 "http://z500.local/admin.html" "Mozilla/5.0 (Windows NT 10.0; Win64; x64) AppleWebKit/537.36 (KHTML, like Gecko) Chrome/79.0.3945.130 Safari/537.36"
127.0.0.1 - - [04/Feb/2020:10:25:47 +0700] "GET /project.html HTTP/1.1" 200 4304 "http://z500.local/index.html" "Mozilla/5.0 (Windows NT 10.0; Win64; x64) AppleWebKit/537.36 (KHTML, like Gecko) Chrome/79.0.3945.130 Safari/537.36"
::1 - - [04/Feb/2020:10:26:51 +0700] "GET /phpmyadmin/server_databases.php?server=1&ajax_request=true&ajax_page_request=true&_nocache=1580786811325729691&token=7a58727a5c647d777748323724395464 HTTP/1.1" 200 8418 "-" "Mozilla/5.0 (Windows NT 10.0; Win64; x64) AppleWebKit/537.36 (KHTML, like Gecko) Chrome/79.0.3945.130 Safari/537.36"
::1 - - [04/Feb/2020:10:26:51 +0700] "GET /phpmyadmin/themes/pmahomme/img/s_asc.png HTTP/1.1" 200 146 "http://localhost/phpmyadmin/themes/pmahomme/css/theme.css?v=5.0.1&nocache=6184854526ltr&server=1" "Mozilla/5.0 (Windows NT 10.0; Win64; x64) AppleWebKit/537.36 (KHTML, like Gecko) Chrome/79.0.3945.130 Safari/537.36"
::1 - - [04/Feb/2020:10:26:51 +0700] "GET /phpmyadmin/themes/pmahomme/img/b_deltbl.png HTTP/1.1" 200 577 "http://localhost/phpmyadmin/themes/pmahomme/css/theme.css?v=5.0.1&nocache=6184854526ltr&server=1" "Mozilla/5.0 (Windows NT 10.0; Win64; x64) AppleWebKit/537.36 (KHTML, like Gecko) Chrome/79.0.3945.130 Safari/537.36"
::1 - - [04/Feb/2020:10:26:51 +0700] "GET /phpmyadmin/themes/pmahomme/img/s_notice.png HTTP/1.1" 200 567 "http://localhost/phpmyadmin/themes/pmahomme/css/theme.css?v=5.0.1&nocache=6184854526ltr&server=1" "Mozilla/5.0 (Windows NT 10.0; Win64; x64) AppleWebKit/537.36 (KHTML, like Gecko) Chrome/79.0.3945.130 Safari/537.36"
::1 - - [04/Feb/2020:10:26:51 +0700] "GET /phpmyadmin/themes/pmahomme/img/arrow_ltr.png HTTP/1.1" 200 101 "-" "Mozilla/5.0 (Windows NT 10.0; Win64; x64) AppleWebKit/537.36 (KHTML, like Gecko) Chrome/79.0.3945.130 Safari/537.36"
::1 - - [04/Feb/2020:10:26:51 +0700] "GET /phpmyadmin/js/server/databases.js?v=5.0.1 HTTP/1.1" 200 5722 "-" "Mozilla/5.0 (Windows NT 10.0; Win64; x64) AppleWebKit/537.36 (KHTML, like Gecko) Chrome/79.0.3945.130 Safari/537.36"
::1 - - [04/Feb/2020:10:27:05 +0700] "POST /phpmyadmin/server_databases.php HTTP/1.1" 200 2048 "-" "Mozilla/5.0 (Windows NT 10.0; Win64; x64) AppleWebKit/537.36 (KHTML, like Gecko) Chrome/79.0.3945.130 Safari/537.36"
::1 - - [04/Feb/2020:10:27:05 +0700] "GET /phpmyadmin/themes/pmahomme/img/s_success.png HTTP/1.1" 200 465 "http://localhost/phpmyadmin/themes/pmahomme/css/theme.css?v=5.0.1&nocache=6184854526ltr&server=1" "Mozilla/5.0 (Windows NT 10.0; Win64; x64) AppleWebKit/537.36 (KHTML, like Gecko) Chrome/79.0.3945.130 Safari/537.36"
::1 - - [04/Feb/2020:10:27:05 +0700] "POST /phpmyadmin/navigation.php?ajax_request=1 HTTP/1.1" 200 2480 "-" "Mozilla/5.0 (Windows NT 10.0; Win64; x64) AppleWebKit/537.36 (KHTML, like Gecko) Chrome/79.0.3945.130 Safari/537.36"
::1 - - [04/Feb/2020:10:27:05 +0700] "GET /phpmyadmin/db_structure.php?db=z500&ajax_request=true&ajax_page_request=true&_nocache=1580786825254460844&token=7a58727a5c647d777748323724395464 HTTP/1.1" 200 3376 "-" "Mozilla/5.0 (Windows NT 10.0; Win64; x64) AppleWebKit/537.36 (KHTML, like Gecko) Chrome/79.0.3945.130 Safari/537.36"
::1 - - [04/Feb/2020:10:27:05 +0700] "GET /phpmyadmin/themes/pmahomme/img/b_props.png HTTP/1.1" 200 573 "http://localhost/phpmyadmin/themes/pmahomme/css/theme.css?v=5.0.1&nocache=6184854526ltr&server=1" "Mozilla/5.0 (Windows NT 10.0; Win64; x64) AppleWebKit/537.36 (KHTML, like Gecko) Chrome/79.0.3945.130 Safari/537.36"
::1 - - [04/Feb/2020:10:27:05 +0700] "GET /phpmyadmin/themes/pmahomme/img/b_search.png HTTP/1.1" 200 538 "http://localhost/phpmyadmin/themes/pmahomme/css/theme.css?v=5.0.1&nocache=6184854526ltr&server=1" "Mozilla/5.0 (Windows NT 10.0; Win64; x64) AppleWebKit/537.36 (KHTML, like Gecko) Chrome/79.0.3945.130 Safari/537.36"
::1 - - [04/Feb/2020:10:27:05 +0700] "GET /phpmyadmin/themes/pmahomme/img/b_events.png HTTP/1.1" 200 703 "http://localhost/phpmyadmin/themes/pmahomme/css/theme.css?v=5.0.1&nocache=6184854526ltr&server=1" "Mozilla/5.0 (Windows NT 10.0; Win64; x64) AppleWebKit/537.36 (KHTML, like Gecko) Chrome/79.0.3945.130 Safari/537.36"
::1 - - [04/Feb/2020:10:27:05 +0700] "GET /phpmyadmin/themes/pmahomme/img/b_routines.png HTTP/1.1" 200 306 "http://localhost/phpmyadmin/themes/pmahomme/css/theme.css?v=5.0.1&nocache=6184854526ltr&server=1" "Mozilla/5.0 (Windows NT 10.0; Win64; x64) AppleWebKit/537.36 (KHTML, like Gecko) Chrome/79.0.3945.130 Safari/537.36"
::1 - - [04/Feb/2020:10:27:05 +0700] "GET /phpmyadmin/themes/pmahomme/img/b_triggers.png HTTP/1.1" 200 446 "http://localhost/phpmyadmin/themes/pmahomme/css/theme.css?v=5.0.1&nocache=6184854526ltr&server=1" "Mozilla/5.0 (Windows NT 10.0; Win64; x64) AppleWebKit/537.36 (KHTML, like Gecko) Chrome/79.0.3945.130 Safari/537.36"
::1 - - [04/Feb/2020:10:27:05 +0700] "GET /phpmyadmin/themes/pmahomme/img/eye.png HTTP/1.1" 200 663 "http://localhost/phpmyadmin/themes/pmahomme/css/theme.css?v=5.0.1&nocache=6184854526ltr&server=1" "Mozilla/5.0 (Windows NT 10.0; Win64; x64) AppleWebKit/537.36 (KHTML, like Gecko) Chrome/79.0.3945.130 Safari/537.36"
::1 - - [04/Feb/2020:10:27:05 +0700] "GET /phpmyadmin/themes/pmahomme/img/b_relations.png HTTP/1.1" 200 140 "http://localhost/phpmyadmin/themes/pmahomme/css/theme.css?v=5.0.1&nocache=6184854526ltr&server=1" "Mozilla/5.0 (Windows NT 10.0; Win64; x64) AppleWebKit/537.36 (KHTML, like Gecko) Chrome/79.0.3945.130 Safari/537.36"
::1 - - [04/Feb/2020:10:27:05 +0700] "GET /phpmyadmin/themes/pmahomme/img/b_table_add.png HTTP/1.1" 200 571 "http://localhost/phpmyadmin/themes/pmahomme/css/theme.css?v=5.0.1&nocache=6184854526ltr&server=1" "Mozilla/5.0 (Windows NT 10.0; Win64; x64) AppleWebKit/537.36 (KHTML, like Gecko) Chrome/79.0.3945.130 Safari/537.36"
::1 - - [04/Feb/2020:10:27:05 +0700] "GET /phpmyadmin/themes/pmahomme/img/centralColumns.png HTTP/1.1" 200 586 "http://localhost/phpmyadmin/themes/pmahomme/css/theme.css?v=5.0.1&nocache=6184854526ltr&server=1" "Mozilla/5.0 (Windows NT 10.0; Win64; x64) AppleWebKit/537.36 (KHTML, like Gecko) Chrome/79.0.3945.130 Safari/537.36"
::1 - - [04/Feb/2020:10:27:05 +0700] "GET /phpmyadmin/js/database/structure.js?v=5.0.1 HTTP/1.1" 200 15943 "-" "Mozilla/5.0 (Windows NT 10.0; Win64; x64) AppleWebKit/537.36 (KHTML, like Gecko) Chrome/79.0.3945.130 Safari/537.36"
::1 - - [04/Feb/2020:10:27:05 +0700] "GET /phpmyadmin/js/table/change.js?v=5.0.1 HTTP/1.1" 200 28579 "-" "Mozilla/5.0 (Windows NT 10.0; Win64; x64) AppleWebKit/537.36 (KHTML, like Gecko) Chrome/79.0.3945.130 Safari/537.36"
::1 - - [04/Feb/2020:10:27:05 +0700] "GET /phpmyadmin/navigation.php?ajax_request=1&aPath=cm9vdA%3D%3D.ejUwMA%3D%3D&vPath=cm9vdA%3D%3D.ejUwMA%3D%3D&pos=0&pos2_name=&pos2_value=&searchClause=&searchClause2=&_nocache=158078682574059458&token=7a58727a5c647d777748323724395464 HTTP/1.1" 200 1643 "-" "Mozilla/5.0 (Windows NT 10.0; Win64; x64) AppleWebKit/537.36 (KHTML, like Gecko) Chrome/79.0.3945.130 Safari/537.36"
::1 - - [04/Feb/2020:10:27:08 +0700] "GET /phpmyadmin/db_sql.php?db=z500&ajax_request=true&ajax_page_request=true&_nocache=1580786828107489043&token=7a58727a5c647d777748323724395464 HTTP/1.1" 200 5433 "-" "Mozilla/5.0 (Windows NT 10.0; Win64; x64) AppleWebKit/537.36 (KHTML, like Gecko) Chrome/79.0.3945.130 Safari/537.36"
::1 - - [04/Feb/2020:10:27:08 +0700] "GET /phpmyadmin/js/vendor/jquery/jquery.uitablefilter.js?v=5.0.1 HTTP/1.1" 200 3479 "-" "Mozilla/5.0 (Windows NT 10.0; Win64; x64) AppleWebKit/537.36 (KHTML, like Gecko) Chrome/79.0.3945.130 Safari/537.36"
::1 - - [04/Feb/2020:10:27:08 +0700] "GET /phpmyadmin/js/makegrid.js?v=5.0.1 HTTP/1.1" 200 98272 "-" "Mozilla/5.0 (Windows NT 10.0; Win64; x64) AppleWebKit/537.36 (KHTML, like Gecko) Chrome/79.0.3945.130 Safari/537.36"
::1 - - [04/Feb/2020:10:27:08 +0700] "GET /phpmyadmin/js/sql.js?v=5.0.1 HTTP/1.1" 200 42174 "-" "Mozilla/5.0 (Windows NT 10.0; Win64; x64) AppleWebKit/537.36 (KHTML, like Gecko) Chrome/79.0.3945.130 Safari/537.36"
::1 - - [04/Feb/2020:10:27:09 +0700] "GET /phpmyadmin/themes/pmahomme/img/s_lock.png HTTP/1.1" 200 667 "http://localhost/phpmyadmin/themes/pmahomme/css/theme.css?v=5.0.1&nocache=6184854526ltr&server=1" "Mozilla/5.0 (Windows NT 10.0; Win64; x64) AppleWebKit/537.36 (KHTML, like Gecko) Chrome/79.0.3945.130 Safari/537.36"
::1 - - [04/Feb/2020:10:27:09 +0700] "POST /phpmyadmin/db_sql_autocomplete.php HTTP/1.1" 200 1767 "-" "Mozilla/5.0 (Windows NT 10.0; Win64; x64) AppleWebKit/537.36 (KHTML, like Gecko) Chrome/79.0.3945.130 Safari/537.36"
::1 - - [04/Feb/2020:10:27:10 +0700] "POST /phpmyadmin/lint.php HTTP/1.1" 200 28 "-" "Mozilla/5.0 (Windows NT 10.0; Win64; x64) AppleWebKit/537.36 (KHTML, like Gecko) Chrome/79.0.3945.130 Safari/537.36"
::1 - - [04/Feb/2020:10:27:13 +0700] "POST /phpmyadmin/import.php HTTP/1.1" 200 4739 "-" "Mozilla/5.0 (Windows NT 10.0; Win64; x64) AppleWebKit/537.36 (KHTML, like Gecko) Chrome/79.0.3945.130 Safari/537.36"
::1 - - [04/Feb/2020:10:27:18 +0700] "GET /phpmyadmin/db_structure.php?server=1&db=z500&ajax_request=true&ajax_page_request=true&_nocache=1580786838619712364&token=7a58727a5c647d777748323724395464 HTTP/1.1" 200 6483 "-" "Mozilla/5.0 (Windows NT 10.0; Win64; x64) AppleWebKit/537.36 (KHTML, like Gecko) Chrome/79.0.3945.130 Safari/537.36"
::1 - - [04/Feb/2020:10:27:19 +0700] "GET /phpmyadmin/themes/pmahomme/img/s_desc.png HTTP/1.1" 200 146 "http://localhost/phpmyadmin/themes/pmahomme/css/theme.css?v=5.0.1&nocache=6184854526ltr&server=1" "Mozilla/5.0 (Windows NT 10.0; Win64; x64) AppleWebKit/537.36 (KHTML, like Gecko) Chrome/79.0.3945.130 Safari/537.36"
::1 - - [04/Feb/2020:10:27:19 +0700] "GET /phpmyadmin/themes/pmahomme/img/b_insrow.png HTTP/1.1" 200 157 "http://localhost/phpmyadmin/themes/pmahomme/css/theme.css?v=5.0.1&nocache=6184854526ltr&server=1" "Mozilla/5.0 (Windows NT 10.0; Win64; x64) AppleWebKit/537.36 (KHTML, like Gecko) Chrome/79.0.3945.130 Safari/537.36"
::1 - - [04/Feb/2020:10:27:19 +0700] "GET /phpmyadmin/themes/pmahomme/img/bd_empty.png HTTP/1.1" 200 327 "http://localhost/phpmyadmin/themes/pmahomme/css/theme.css?v=5.0.1&nocache=6184854526ltr&server=1" "Mozilla/5.0 (Windows NT 10.0; Win64; x64) AppleWebKit/537.36 (KHTML, like Gecko) Chrome/79.0.3945.130 Safari/537.36"
::1 - - [04/Feb/2020:10:27:19 +0700] "GET /phpmyadmin/themes/pmahomme/img/b_no_favorite.png HTTP/1.1" 200 377 "http://localhost/phpmyadmin/themes/pmahomme/css/theme.css?v=5.0.1&nocache=6184854526ltr&server=1" "Mozilla/5.0 (Windows NT 10.0; Win64; x64) AppleWebKit/537.36 (KHTML, like Gecko) Chrome/79.0.3945.130 Safari/537.36"
::1 - - [04/Feb/2020:10:27:19 +0700] "GET /phpmyadmin/themes/pmahomme/img/bd_select.png HTTP/1.1" 200 325 "http://localhost/phpmyadmin/themes/pmahomme/css/theme.css?v=5.0.1&nocache=6184854526ltr&server=1" "Mozilla/5.0 (Windows NT 10.0; Win64; x64) AppleWebKit/537.36 (KHTML, like Gecko) Chrome/79.0.3945.130 Safari/537.36"
::1 - - [04/Feb/2020:10:27:19 +0700] "GET /phpmyadmin/themes/pmahomme/img/bd_browse.png HTTP/1.1" 200 271 "http://localhost/phpmyadmin/themes/pmahomme/css/theme.css?v=5.0.1&nocache=6184854526ltr&server=1" "Mozilla/5.0 (Windows NT 10.0; Win64; x64) AppleWebKit/537.36 (KHTML, like Gecko) Chrome/79.0.3945.130 Safari/537.36"
::1 - - [04/Feb/2020:10:27:19 +0700] "GET /phpmyadmin/themes/pmahomme/img/b_tblanalyse.png HTTP/1.1" 200 152 "http://localhost/phpmyadmin/themes/pmahomme/css/theme.css?v=5.0.1&nocache=6184854526ltr&server=1" "Mozilla/5.0 (Windows NT 10.0; Win64; x64) AppleWebKit/537.36 (KHTML, like Gecko) Chrome/79.0.3945.130 Safari/537.36"
::1 - - [04/Feb/2020:10:27:19 +0700] "GET /phpmyadmin/themes/pmahomme/img/b_drop.png HTTP/1.1" 200 637 "http://localhost/phpmyadmin/themes/pmahomme/css/theme.css?v=5.0.1&nocache=6184854526ltr&server=1" "Mozilla/5.0 (Windows NT 10.0; Win64; x64) AppleWebKit/537.36 (KHTML, like Gecko) Chrome/79.0.3945.130 Safari/537.36"
::1 - - [04/Feb/2020:10:27:19 +0700] "GET /phpmyadmin/themes/pmahomme/img/b_print.png HTTP/1.1" 200 639 "http://localhost/phpmyadmin/themes/pmahomme/css/theme.css?v=5.0.1&nocache=6184854526ltr&server=1" "Mozilla/5.0 (Windows NT 10.0; Win64; x64) AppleWebKit/537.36 (KHTML, like Gecko) Chrome/79.0.3945.130 Safari/537.36"
::1 - - [04/Feb/2020:10:27:32 +0700] "GET /phpmyadmin/db_designer.php?db=z500&ajax_request=true&ajax_page_request=true&_nocache=1580786852329207109&token=7a58727a5c647d777748323724395464 HTTP/1.1" 200 6014 "-" "Mozilla/5.0 (Windows NT 10.0; Win64; x64) AppleWebKit/537.36 (KHTML, like Gecko) Chrome/79.0.3945.130 Safari/537.36"
::1 - - [04/Feb/2020:10:27:33 +0700] "GET /phpmyadmin/themes/pmahomme/img/designer/Header.png HTTP/1.1" 200 119 "http://localhost/phpmyadmin/themes/pmahomme/css/theme.css?v=5.0.1&nocache=6184854526ltr&server=1" "Mozilla/5.0 (Windows NT 10.0; Win64; x64) AppleWebKit/537.36 (KHTML, like Gecko) Chrome/79.0.3945.130 Safari/537.36"
::1 - - [04/Feb/2020:10:27:33 +0700] "GET /phpmyadmin/themes/pmahomme/img/designer/small_tab.png HTTP/1.1" 200 158 "http://localhost/phpmyadmin/themes/pmahomme/css/theme.css?v=5.0.1&nocache=6184854526ltr&server=1" "Mozilla/5.0 (Windows NT 10.0; Win64; x64) AppleWebKit/537.36 (KHTML, like Gecko) Chrome/79.0.3945.130 Safari/537.36"
::1 - - [04/Feb/2020:10:27:33 +0700] "GET /phpmyadmin/js/designer/objects.js?v=5.0.1 HTTP/1.1" 200 511 "-" "Mozilla/5.0 (Windows NT 10.0; Win64; x64) AppleWebKit/537.36 (KHTML, like Gecko) Chrome/79.0.3945.130 Safari/537.36"
::1 - - [04/Feb/2020:10:27:33 +0700] "GET /phpmyadmin/js/vendor/jquery/jquery.fullscreen.js?v=5.0.1 HTTP/1.1" 200 5657 "-" "Mozilla/5.0 (Windows NT 10.0; Win64; x64) AppleWebKit/537.36 (KHTML, like Gecko) Chrome/79.0.3945.130 Safari/537.36"
::1 - - [04/Feb/2020:10:27:33 +0700] "GET /phpmyadmin/js/designer/database.js?v=5.0.1 HTTP/1.1" 200 4477 "-" "Mozilla/5.0 (Windows NT 10.0; Win64; x64) AppleWebKit/537.36 (KHTML, like Gecko) Chrome/79.0.3945.130 Safari/537.36"
::1 - - [04/Feb/2020:10:27:33 +0700] "GET /phpmyadmin/js/designer/page.js?v=5.0.1 HTTP/1.1" 200 5974 "-" "Mozilla/5.0 (Windows NT 10.0; Win64; x64) AppleWebKit/537.36 (KHTML, like Gecko) Chrome/79.0.3945.130 Safari/537.36"
::1 - - [04/Feb/2020:10:27:33 +0700] "GET /phpmyadmin/js/designer/init.js?v=5.0.1 HTTP/1.1" 200 2206 "-" "Mozilla/5.0 (Windows NT 10.0; Win64; x64) AppleWebKit/537.36 (KHTML, like Gecko) Chrome/79.0.3945.130 Safari/537.36"
::1 - - [04/Feb/2020:10:27:33 +0700] "GET /phpmyadmin/js/designer/history.js?v=5.0.1 HTTP/1.1" 200 29432 "-" "Mozilla/5.0 (Windows NT 10.0; Win64; x64) AppleWebKit/537.36 (KHTML, like Gecko) Chrome/79.0.3945.130 Safari/537.36"
::1 - - [04/Feb/2020:10:27:33 +0700] "GET /phpmyadmin/themes/pmahomme/img/designer/downarrow2_m.png HTTP/1.1" 200 638 "-" "Mozilla/5.0 (Windows NT 10.0; Win64; x64) AppleWebKit/537.36 (KHTML, like Gecko) Chrome/79.0.3945.130 Safari/537.36"
::1 - - [04/Feb/2020:10:27:33 +0700] "GET /phpmyadmin/themes/pmahomme/img/designer/viewInFullscreen.png HTTP/1.1" 200 449 "-" "Mozilla/5.0 (Windows NT 10.0; Win64; x64) AppleWebKit/537.36 (KHTML, like Gecko) Chrome/79.0.3945.130 Safari/537.36"
::1 - - [04/Feb/2020:10:27:33 +0700] "GET /phpmyadmin/themes/pmahomme/img/designer/page_add.png HTTP/1.1" 200 694 "-" "Mozilla/5.0 (Windows NT 10.0; Win64; x64) AppleWebKit/537.36 (KHTML, like Gecko) Chrome/79.0.3945.130 Safari/537.36"
::1 - - [04/Feb/2020:10:27:33 +0700] "GET /phpmyadmin/themes/pmahomme/img/designer/save.png HTTP/1.1" 200 402 "-" "Mozilla/5.0 (Windows NT 10.0; Win64; x64) AppleWebKit/537.36 (KHTML, like Gecko) Chrome/79.0.3945.130 Safari/537.36"
::1 - - [04/Feb/2020:10:27:33 +0700] "GET /phpmyadmin/themes/pmahomme/img/designer/other_table.png HTTP/1.1" 200 558 "-" "Mozilla/5.0 (Windows NT 10.0; Win64; x64) AppleWebKit/537.36 (KHTML, like Gecko) Chrome/79.0.3945.130 Safari/537.36"
::1 - - [04/Feb/2020:10:27:33 +0700] "GET /phpmyadmin/themes/pmahomme/img/designer/page_edit.png HTTP/1.1" 200 759 "-" "Mozilla/5.0 (Windows NT 10.0; Win64; x64) AppleWebKit/537.36 (KHTML, like Gecko) Chrome/79.0.3945.130 Safari/537.36"
::1 - - [04/Feb/2020:10:27:33 +0700] "GET /phpmyadmin/themes/pmahomme/img/designer/save_as.png HTTP/1.1" 200 424 "-" "Mozilla/5.0 (Windows NT 10.0; Win64; x64) AppleWebKit/537.36 (KHTML, like Gecko) Chrome/79.0.3945.130 Safari/537.36"
::1 - - [04/Feb/2020:10:27:33 +0700] "GET /phpmyadmin/themes/pmahomme/img/designer/display_field.png HTTP/1.1" 200 601 "-" "Mozilla/5.0 (Windows NT 10.0; Win64; x64) AppleWebKit/537.36 (KHTML, like Gecko) Chrome/79.0.3945.130 Safari/537.36"
::1 - - [04/Feb/2020:10:27:33 +0700] "GET /phpmyadmin/themes/pmahomme/img/designer/page_delete.png HTTP/1.1" 200 698 "-" "Mozilla/5.0 (Windows NT 10.0; Win64; x64) AppleWebKit/537.36 (KHTML, like Gecko) Chrome/79.0.3945.130 Safari/537.36"
::1 - - [04/Feb/2020:10:27:33 +0700] "GET /phpmyadmin/themes/pmahomme/img/designer/table.png HTTP/1.1" 200 130 "-" "Mozilla/5.0 (Windows NT 10.0; Win64; x64) AppleWebKit/537.36 (KHTML, like Gecko) Chrome/79.0.3945.130 Safari/537.36"
::1 - - [04/Feb/2020:10:27:33 +0700] "GET /phpmyadmin/themes/pmahomme/img/designer/relation.png HTTP/1.1" 200 242 "-" "Mozilla/5.0 (Windows NT 10.0; Win64; x64) AppleWebKit/537.36 (KHTML, like Gecko) Chrome/79.0.3945.130 Safari/537.36"
::1 - - [04/Feb/2020:10:27:33 +0700] "GET /phpmyadmin/themes/pmahomme/img/designer/help.png HTTP/1.1" 200 654 "-" "Mozilla/5.0 (Windows NT 10.0; Win64; x64) AppleWebKit/537.36 (KHTML, like Gecko) Chrome/79.0.3945.130 Safari/537.36"
::1 - - [04/Feb/2020:10:27:33 +0700] "GET /phpmyadmin/themes/pmahomme/img/designer/grid.png HTTP/1.1" 200 602 "-" "Mozilla/5.0 (Windows NT 10.0; Win64; x64) AppleWebKit/537.36 (KHTML, like Gecko) Chrome/79.0.3945.130 Safari/537.36"
::1 - - [04/Feb/2020:10:27:33 +0700] "GET /phpmyadmin/themes/pmahomme/img/designer/downarrow1.png HTTP/1.1" 200 671 "-" "Mozilla/5.0 (Windows NT 10.0; Win64; x64) AppleWebKit/537.36 (KHTML, like Gecko) Chrome/79.0.3945.130 Safari/537.36"
::1 - - [04/Feb/2020:10:27:33 +0700] "GET /phpmyadmin/themes/pmahomme/img/designer/reload.png HTTP/1.1" 200 762 "-" "Mozilla/5.0 (Windows NT 10.0; Win64; x64) AppleWebKit/537.36 (KHTML, like Gecko) Chrome/79.0.3945.130 Safari/537.36"
::1 - - [04/Feb/2020:10:27:33 +0700] "GET /phpmyadmin/themes/pmahomme/img/designer/toggle_lines.png HTTP/1.1" 200 415 "-" "Mozilla/5.0 (Windows NT 10.0; Win64; x64) AppleWebKit/537.36 (KHTML, like Gecko) Chrome/79.0.3945.130 Safari/537.36"
::1 - - [04/Feb/2020:10:27:33 +0700] "GET /phpmyadmin/themes/pmahomme/img/designer/bottom.png HTTP/1.1" 200 646 "-" "Mozilla/5.0 (Windows NT 10.0; Win64; x64) AppleWebKit/537.36 (KHTML, like Gecko) Chrome/79.0.3945.130 Safari/537.36"
::1 - - [04/Feb/2020:10:27:33 +0700] "GET /phpmyadmin/themes/pmahomme/img/designer/ang_direct.png HTTP/1.1" 200 599 "-" "Mozilla/5.0 (Windows NT 10.0; Win64; x64) AppleWebKit/537.36 (KHTML, like Gecko) Chrome/79.0.3945.130 Safari/537.36"
::1 - - [04/Feb/2020:10:27:33 +0700] "GET /phpmyadmin/js/designer/move.js?v=5.0.1 HTTP/1.1" 200 80598 "-" "Mozilla/5.0 (Windows NT 10.0; Win64; x64) AppleWebKit/537.36 (KHTML, like Gecko) Chrome/79.0.3945.130 Safari/537.36"
::1 - - [04/Feb/2020:10:27:33 +0700] "GET /phpmyadmin/themes/pmahomme/img/designer/exec_small.png HTTP/1.1" 200 149 "-" "Mozilla/5.0 (Windows NT 10.0; Win64; x64) AppleWebKit/537.36 (KHTML, like Gecko) Chrome/79.0.3945.130 Safari/537.36"
::1 - - [04/Feb/2020:10:27:33 +0700] "GET /phpmyadmin/themes/pmahomme/img/designer/2rightarrow_m.png HTTP/1.1" 200 626 "-" "Mozilla/5.0 (Windows NT 10.0; Win64; x64) AppleWebKit/537.36 (KHTML, like Gecko) Chrome/79.0.3945.130 Safari/537.36"
::1 - - [04/Feb/2020:10:27:33 +0700] "GET /phpmyadmin/themes/pmahomme/img/designer/Field_small_char.png HTTP/1.1" 200 128 "-" "Mozilla/5.0 (Windows NT 10.0; Win64; x64) AppleWebKit/537.36 (KHTML, like Gecko) Chrome/79.0.3945.130 Safari/537.36"
::1 - - [04/Feb/2020:10:27:33 +0700] "GET /phpmyadmin/themes/pmahomme/img/designer/FieldKey_small.png HTTP/1.1" 200 188 "-" "Mozilla/5.0 (Windows NT 10.0; Win64; x64) AppleWebKit/537.36 (KHTML, like Gecko) Chrome/79.0.3945.130 Safari/537.36"
::1 - - [04/Feb/2020:10:27:33 +0700] "GET /phpmyadmin/themes/pmahomme/img/designer/anchor.png HTTP/1.1" 200 459 "-" "Mozilla/5.0 (Windows NT 10.0; Win64; x64) AppleWebKit/537.36 (KHTML, like Gecko) Chrome/79.0.3945.130 Safari/537.36"
::1 - - [04/Feb/2020:10:27:33 +0700] "GET /phpmyadmin/themes/pmahomme/img/designer/export.png HTTP/1.1" 200 761 "-" "Mozilla/5.0 (Windows NT 10.0; Win64; x64) AppleWebKit/537.36 (KHTML, like Gecko) Chrome/79.0.3945.130 Safari/537.36"
::1 - - [04/Feb/2020:10:27:33 +0700] "GET /phpmyadmin/themes/pmahomme/img/designer/downarrow2.png HTTP/1.1" 200 682 "-" "Mozilla/5.0 (Windows NT 10.0; Win64; x64) AppleWebKit/537.36 (KHTML, like Gecko) Chrome/79.0.3945.130 Safari/537.36"
::1 - - [04/Feb/2020:10:27:33 +0700] "GET /phpmyadmin/themes/pmahomme/img/designer/Field_small_int.png HTTP/1.1" 200 138 "-" "Mozilla/5.0 (Windows NT 10.0; Win64; x64) AppleWebKit/537.36 (KHTML, like Gecko) Chrome/79.0.3945.130 Safari/537.36"
::1 - - [04/Feb/2020:10:27:33 +0700] "GET /phpmyadmin/themes/pmahomme/img/designer/resize.png HTTP/1.1" 200 105 "-" "Mozilla/5.0 (Windows NT 10.0; Win64; x64) AppleWebKit/537.36 (KHTML, like Gecko) Chrome/79.0.3945.130 Safari/537.36"
::1 - - [04/Feb/2020:10:27:33 +0700] "GET /phpmyadmin/themes/pmahomme/img/designer/exec.png HTTP/1.1" 200 717 "-" "Mozilla/5.0 (Windows NT 10.0; Win64; x64) AppleWebKit/537.36 (KHTML, like Gecko) Chrome/79.0.3945.130 Safari/537.36"
::1 - - [04/Feb/2020:10:27:33 +0700] "POST /phpmyadmin/db_designer.php HTTP/1.1" 200 1620 "-" "Mozilla/5.0 (Windows NT 10.0; Win64; x64) AppleWebKit/537.36 (KHTML, like Gecko) Chrome/79.0.3945.130 Safari/537.36"
::1 - - [04/Feb/2020:10:27:33 +0700] "POST /phpmyadmin/db_designer.php HTTP/1.1" 200 1620 "-" "Mozilla/5.0 (Windows NT 10.0; Win64; x64) AppleWebKit/537.36 (KHTML, like Gecko) Chrome/79.0.3945.130 Safari/537.36"
::1 - - [04/Feb/2020:10:27:33 +0700] "POST /phpmyadmin/db_designer.php HTTP/1.1" 200 1620 "-" "Mozilla/5.0 (Windows NT 10.0; Win64; x64) AppleWebKit/537.36 (KHTML, like Gecko) Chrome/79.0.3945.130 Safari/537.36"
::1 - - [04/Feb/2020:10:27:38 +0700] "GET /phpmyadmin/themes/pmahomme/img/designer/Header_Linked.png HTTP/1.1" 200 95 "http://localhost/phpmyadmin/themes/pmahomme/css/theme.css?v=5.0.1&nocache=6184854526ltr&server=1" "Mozilla/5.0 (Windows NT 10.0; Win64; x64) AppleWebKit/537.36 (KHTML, like Gecko) Chrome/79.0.3945.130 Safari/537.36"
127.0.0.1 - - [04/Feb/2020:10:38:16 +0700] "GET /index.html HTTP/1.1" 304 - "http://z500.local/index.html" "Mozilla/5.0 (Windows NT 10.0; Win64; x64) AppleWebKit/537.36 (KHTML, like Gecko) Chrome/79.0.3945.130 Safari/537.36"
::1 - - [04/Feb/2020:10:51:28 +0700] "POST /phpmyadmin/index.php HTTP/1.1" 200 1764 "-" "Mozilla/5.0 (Windows NT 10.0; Win64; x64) AppleWebKit/537.36 (KHTML, like Gecko) Chrome/79.0.3945.130 Safari/537.36"
::1 - - [04/Feb/2020:10:52:34 +0700] "POST /phpmyadmin/index.php HTTP/1.1" 200 1764 "-" "Mozilla/5.0 (Windows NT 10.0; Win64; x64) AppleWebKit/537.36 (KHTML, like Gecko) Chrome/79.0.3945.130 Safari/537.36"
::1 - - [04/Feb/2020:10:52:36 +0700] "POST /phpmyadmin/index.php HTTP/1.1" 200 1764 "-" "Mozilla/5.0 (Windows NT 10.0; Win64; x64) AppleWebKit/537.36 (KHTML, like Gecko) Chrome/79.0.3945.130 Safari/537.36"
::1 - - [04/Feb/2020:11:16:36 +0700] "POST /phpmyadmin/index.php HTTP/1.1" 200 1764 "-" "Mozilla/5.0 (Windows NT 10.0; Win64; x64) AppleWebKit/537.36 (KHTML, like Gecko) Chrome/79.0.3945.130 Safari/537.36"
::1 - - [04/Feb/2020:11:19:10 +0700] "POST /phpmyadmin/index.php HTTP/1.1" 200 1764 "-" "Mozilla/5.0 (Windows NT 10.0; Win64; x64) AppleWebKit/537.36 (KHTML, like Gecko) Chrome/79.0.3945.130 Safari/537.36"
::1 - - [04/Feb/2020:11:19:12 +0700] "POST /phpmyadmin/index.php HTTP/1.1" 200 1764 "-" "Mozilla/5.0 (Windows NT 10.0; Win64; x64) AppleWebKit/537.36 (KHTML, like Gecko) Chrome/79.0.3945.130 Safari/537.36"
